# JRE version: OpenJDK Runtime Environment Corretto-17.0.5.8.1 (17.0.5+8) (build 17.0.5+8-LTS)
# Java VM: OpenJDK 64-Bit Server VM Corretto-17.0.5.8.1 (17.0.5+8-LTS, mixed mode, sharing, tiered, compressed oops, compressed class ptrs, g1 gc, bsd-aarch64)
GC Precious Log:
 CPUs: 8 total, 8 available
 Memory: 16384M
 Large Page Support: Disabled
 NUMA Support: Disabled
 Compressed Oops: Enabled (Zero based)
 Heap Region Size: 1M
 Heap Min Capacity: 8M
 Heap Initial Capacity: 256M
 Heap Max Capacity: 512M
 Pre-touch: Disabled
 Parallel Workers: 8
 Concurrent Workers: 2
 Concurrent Refinement Workers: 8
 Periodic GC: Disabled
Heap:
 garbage-first heap   total 24576K, used 10704K [0x00000007e0000000, 0x0000000800000000)
  region size 1024K, 3 young (3072K), 1 survivors (1024K)
 Metaspace       used 9354K, committed 9472K, reserved 1064960K
  class space    used 1004K, committed 1088K, reserved 1048576K
GC Heap History (20 events):
Event: 9.766 GC heap before
{Heap before GC invocations=8 (full 2):
 garbage-first heap   total 35840K, used 20680K [0x00000007e0000000, 0x0000000800000000)
  region size 1024K, 9 young (9216K), 0 survivors (0K)
 Metaspace       used 9266K, committed 9472K, reserved 1064960K
  class space    used 1002K, committed 1088K, reserved 1048576K
}
Event: 9.767 GC heap after
{Heap after GC invocations=9 (full 2):
 garbage-first heap   total 35840K, used 21683K [0x00000007e0000000, 0x0000000800000000)
  region size 1024K, 2 young (2048K), 2 survivors (2048K)
 Metaspace       used 9266K, committed 9472K, reserved 1064960K
  class space    used 1002K, committed 1088K, reserved 1048576K
}
Event: 9.861 GC heap before
{Heap before GC invocations=9 (full 2):
 garbage-first heap   total 35840K, used 23731K [0x00000007e0000000, 0x0000000800000000)
  region size 1024K, 4 young (4096K), 2 survivors (2048K)
 Metaspace       used 9293K, committed 9472K, reserved 1064960K
  class space    used 1002K, committed 1088K, reserved 1048576K
}
Event: 9.862 GC heap after
{Heap after GC invocations=10 (full 2):
 garbage-first heap   total 149504K, used 21468K [0x00000007e0000000, 0x0000000800000000)
  region size 1024K, 1 young (1024K), 1 survivors (1024K)
 Metaspace       used 9293K, committed 9472K, reserved 1064960K
  class space    used 1002K, committed 1088K, reserved 1048576K
}
Event: 9.862 GC heap before
{Heap before GC invocations=10 (full 2):
 garbage-first heap   total 149504K, used 21468K [0x00000007e0000000, 0x0000000800000000)
  region size 1024K, 2 young (2048K), 1 survivors (1024K)
 Metaspace       used 9293K, committed 9472K, reserved 1064960K
  class space    used 1002K, committed 1088K, reserved 1048576K
}
Event: 9.866 GC heap after
{Heap after GC invocations=11 (full 3):
 garbage-first heap   total 48128K, used 12544K [0x00000007e0000000, 0x0000000800000000)
  region size 1024K, 0 young (0K), 0 survivors (0K)
 Metaspace       used 9293K, committed 9472K, reserved 1064960K
  class space    used 1002K, committed 1088K, reserved 1048576K
}
Event: 9.945 GC heap before
{Heap before GC invocations=11 (full 3):
 garbage-first heap   total 48128K, used 13568K [0x00000007e0000000, 0x0000000800000000)
  region size 1024K, 3 young (3072K), 0 survivors (0K)
 Metaspace       used 9305K, committed 9472K, reserved 1064960K
  class space    used 1002K, committed 1088K, reserved 1048576K
}
Event: 9.949 GC heap after
{Heap after GC invocations=12 (full 4):
 garbage-first heap   total 48128K, used 12554K [0x00000007e0000000, 0x0000000800000000)
  region size 1024K, 0 young (0K), 0 survivors (0K)
 Metaspace       used 9305K, committed 9472K, reserved 1064960K
  class space    used 1002K, committed 1088K, reserved 1048576K
}
Event: 10.626 GC heap before
{Heap before GC invocations=12 (full 4):
 garbage-first heap   total 48128K, used 14602K [0x00000007e0000000, 0x0000000800000000)
  region size 1024K, 3 young (3072K), 0 survivors (0K)
 Metaspace       used 9327K, committed 9472K, reserved 1064960K
  class space    used 1003K, committed 1088K, reserved 1048576K
}
Event: 10.630 GC heap after
{Heap after GC invocations=13 (full 5):
 garbage-first heap   total 20480K, used 4212K [0x00000007e0000000, 0x0000000800000000)
  region size 1024K, 0 young (0K), 0 survivors (0K)
 Metaspace       used 9327K, committed 9472K, reserved 1064960K
  class space    used 1003K, committed 1088K, reserved 1048576K
}
Event: 19.612 GC heap before
{Heap before GC invocations=13 (full 5):
 garbage-first heap   total 20480K, used 6260K [0x00000007e0000000, 0x0000000800000000)
  region size 1024K, 3 young (3072K), 0 survivors (0K)
 Metaspace       used 9329K, committed 9472K, reserved 1064960K
  class space    used 1003K, committed 1088K, reserved 1048576K
}
Event: 19.618 GC heap after
{Heap after GC invocations=14 (full 6):
 garbage-first heap   total 20480K, used 4145K [0x00000007e0000000, 0x0000000800000000)
  region size 1024K, 0 young (0K), 0 survivors (0K)
 Metaspace       used 9329K, committed 9472K, reserved 1064960K
  class space    used 1003K, committed 1088K, reserved 1048576K
}
Event: 23.636 GC heap before
{Heap before GC invocations=14 (full 6):
 garbage-first heap   total 20480K, used 6193K [0x00000007e0000000, 0x0000000800000000)
  region size 1024K, 3 young (3072K), 0 survivors (0K)
 Metaspace       used 9330K, committed 9472K, reserved 1064960K
  class space    used 1003K, committed 1088K, reserved 1048576K
}
Event: 23.639 GC heap after
{Heap after GC invocations=15 (full 7):
 garbage-first heap   total 20480K, used 4155K [0x00000007e0000000, 0x0000000800000000)
  region size 1024K, 0 young (0K), 0 survivors (0K)
 Metaspace       used 9330K, committed 9472K, reserved 1064960K
  class space    used 1003K, committed 1088K, reserved 1048576K
}
Event: 23.871 GC heap before
{Heap before GC invocations=15 (full 7):
 garbage-first heap   total 20480K, used 8251K [0x00000007e0000000, 0x0000000800000000)
  region size 1024K, 3 young (3072K), 0 survivors (0K)
 Metaspace       used 9330K, committed 9472K, reserved 1064960K
  class space    used 1003K, committed 1088K, reserved 1048576K
}
Event: 23.876 GC heap after
{Heap after GC invocations=16 (full 8):
 garbage-first heap   total 20480K, used 4795K [0x00000007e0000000, 0x0000000800000000)
  region size 1024K, 0 young (0K), 0 survivors (0K)
 Metaspace       used 9330K, committed 9472K, reserved 1064960K
  class space    used 1003K, committed 1088K, reserved 1048576K
}
Event: 23.876 GC heap before
{Heap before GC invocations=16 (full 8):
 garbage-first heap   total 20480K, used 6843K [0x00000007e0000000, 0x0000000800000000)
  region size 1024K, 1 young (1024K), 0 survivors (0K)
 Metaspace       used 9330K, committed 9472K, reserved 1064960K
  class space    used 1003K, committed 1088K, reserved 1048576K
}
Event: 23.876 GC heap after
{Heap after GC invocations=17 (full 8):
 garbage-first heap   total 20480K, used 7617K [0x00000007e0000000, 0x0000000800000000)
  region size 1024K, 1 young (1024K), 1 survivors (1024K)
 Metaspace       used 9330K, committed 9472K, reserved 1064960K
  class space    used 1003K, committed 1088K, reserved 1048576K
}
Event: 23.876 GC heap before
{Heap before GC invocations=17 (full 8):
 garbage-first heap   total 20480K, used 8641K [0x00000007e0000000, 0x0000000800000000)
  region size 1024K, 2 young (2048K), 1 survivors (1024K)
 Metaspace       used 9330K, committed 9472K, reserved 1064960K
  class space    used 1003K, committed 1088K, reserved 1048576K
}
Event: 23.877 GC heap after
{Heap after GC invocations=18 (full 8):
 garbage-first heap   total 20480K, used 8656K [0x00000007e0000000, 0x0000000800000000)
  region size 1024K, 1 young (1024K), 1 survivors (1024K)
 Metaspace       used 9330K, committed 9472K, reserved 1064960K
  class space    used 1003K, committed 1088K, reserved 1048576K
}

